<?xml version="1.0" encoding="UTF-8"?>
<testng-results skipped="0" failed="0" ignored="0" total="1" passed="1">
  <reporter-output>
  </reporter-output>
  <suite name="Default suite" duration-ms="31547" started-at="2022-01-03T14:27:02Z" finished-at="2022-01-03T14:27:33Z">
    <groups>
    </groups>
    <test name="Default test" duration-ms="31547" started-at="2022-01-03T14:27:02Z" finished-at="2022-01-03T14:27:33Z">
      <class name="tests.selenium.TC003_CreateIncidentUsingRestAndVerifyUsingSelenium">
        <test-method status="PASS" signature="beforeSuite()[pri:0, instance:tests.selenium.TC003_CreateIncidentUsingRestAndVerifyUsingSelenium@853265]" name="beforeSuite" is-config="true" duration-ms="485" started-at="2022-01-03T14:27:01Z" finished-at="2022-01-03T14:27:02Z">
          <reporter-output>
          </reporter-output>
        </test-method> <!-- beforeSuite -->
        <test-method status="PASS" signature="beforeClass()[pri:0, instance:tests.selenium.TC003_CreateIncidentUsingRestAndVerifyUsingSelenium@853265]" name="beforeClass" is-config="true" duration-ms="0" started-at="2022-01-03T14:27:02Z" finished-at="2022-01-03T14:27:02Z">
          <reporter-output>
          </reporter-output>
        </test-method> <!-- beforeClass -->
        <test-method status="PASS" signature="setValues()[pri:0, instance:tests.selenium.TC003_CreateIncidentUsingRestAndVerifyUsingSelenium@853265]" name="setValues" is-config="true" duration-ms="0" started-at="2022-01-03T14:27:02Z" finished-at="2022-01-03T14:27:02Z">
          <reporter-output>
          </reporter-output>
        </test-method> <!-- setValues -->
        <test-method status="PASS" signature="beforeMethod()[pri:0, instance:tests.selenium.TC003_CreateIncidentUsingRestAndVerifyUsingSelenium@853265]" name="beforeMethod" is-config="true" duration-ms="10094" started-at="2022-01-03T14:27:02Z" finished-at="2022-01-03T14:27:12Z">
          <reporter-output>
          </reporter-output>
        </test-method> <!-- beforeMethod -->
        <test-method status="PASS" signature="createIncident(java.lang.String)[pri:0, instance:tests.selenium.TC003_CreateIncidentUsingRestAndVerifyUsingSelenium@853265]" name="createIncident" duration-ms="16964" started-at="2022-01-03T14:27:12Z" data-provider="fetchData" finished-at="2022-01-03T14:27:29Z">
          <params>
            <param index="0">
              <value>
                <![CDATA[incident]]>
              </value>
            </param>
          </params>
          <reporter-output>
          </reporter-output>
        </test-method> <!-- createIncident -->
        <test-method status="PASS" signature="afterMethod()[pri:0, instance:tests.selenium.TC003_CreateIncidentUsingRestAndVerifyUsingSelenium@853265]" name="afterMethod" is-config="true" duration-ms="4132" started-at="2022-01-03T14:27:29Z" finished-at="2022-01-03T14:27:33Z">
          <reporter-output>
          </reporter-output>
        </test-method> <!-- afterMethod -->
        <test-method status="PASS" signature="afterSuite()[pri:0, instance:tests.selenium.TC003_CreateIncidentUsingRestAndVerifyUsingSelenium@853265]" name="afterSuite" is-config="true" duration-ms="165" started-at="2022-01-03T14:27:33Z" finished-at="2022-01-03T14:27:34Z">
          <reporter-output>
          </reporter-output>
        </test-method> <!-- afterSuite -->
      </class> <!-- tests.selenium.TC003_CreateIncidentUsingRestAndVerifyUsingSelenium -->
    </test> <!-- Default test -->
  </suite> <!-- Default suite -->
</testng-results>
